[19-Oct-2023 00:16:28 UTC] PHP Parse error:  syntax error, unexpected end of file in C:\Users\User\Local Sites\skillwill-homework\app\public\wp-content\themes\teos-site\functions.php on line 184
[19-Oct-2023 00:16:28 UTC] PHP Parse error:  syntax error, unexpected end of file in C:\Users\User\Local Sites\skillwill-homework\app\public\wp-content\themes\teos-site\functions.php on line 184
[19-Oct-2023 00:16:49 UTC] PHP Parse error:  syntax error, unexpected end of file in C:\Users\User\Local Sites\skillwill-homework\app\public\wp-content\themes\teos-site\functions.php on line 184
[19-Oct-2023 00:16:49 UTC] PHP Warning:  Trying to access array offset on value of type bool in C:\Users\User\Local Sites\skillwill-homework\app\public\wp-includes\class-wp-recovery-mode-email-service.php on line 367
[19-Oct-2023 00:16:49 UTC] PHP Warning:  Trying to access array offset on value of type bool in C:\Users\User\Local Sites\skillwill-homework\app\public\wp-includes\class-wp-recovery-mode-email-service.php on line 368
[19-Oct-2023 00:19:41 UTC] PHP Fatal error:  Uncaught Error: Call to undefined function get_template_directory_url() in C:\Users\User\Local Sites\skillwill-homework\app\public\wp-content\themes\teos-site\functions.php:182
Stack trace:
#0 C:\Users\User\Local Sites\skillwill-homework\app\public\wp-settings.php(600): include()
#1 C:\Users\User\Local Sites\skillwill-homework\app\public\wp-config.php(103): require_once('C:\\Users\\User\\L...')
#2 C:\Users\User\Local Sites\skillwill-homework\app\public\wp-load.php(50): require_once('C:\\Users\\User\\L...')
#3 C:\Users\User\Local Sites\skillwill-homework\app\public\wp-blog-header.php(13): require_once('C:\\Users\\User\\L...')
#4 C:\Users\User\Local Sites\skillwill-homework\app\public\index.php(17): require('C:\\Users\\User\\L...')
#5 {main}
  thrown in C:\Users\User\Local Sites\skillwill-homework\app\public\wp-content\themes\teos-site\functions.php on line 182
[19-Oct-2023 00:19:41 UTC] PHP Fatal error:  Uncaught Error: Call to undefined function get_template_directory_url() in C:\Users\User\Local Sites\skillwill-homework\app\public\wp-content\themes\teos-site\functions.php:182
Stack trace:
#0 C:\Users\User\Local Sites\skillwill-homework\app\public\wp-settings.php(600): include()
#1 C:\Users\User\Local Sites\skillwill-homework\app\public\wp-config.php(103): require_once('C:\\Users\\User\\L...')
#2 C:\Users\User\Local Sites\skillwill-homework\app\public\wp-load.php(50): require_once('C:\\Users\\User\\L...')
#3 C:\Users\User\Local Sites\skillwill-homework\app\public\wp-blog-header.php(13): require_once('C:\\Users\\User\\L...')
#4 C:\Users\User\Local Sites\skillwill-homework\app\public\index.php(17): require('C:\\Users\\User\\L...')
#5 {main}
  thrown in C:\Users\User\Local Sites\skillwill-homework\app\public\wp-content\themes\teos-site\functions.php on line 182
[19-Oct-2023 00:19:51 UTC] PHP Fatal error:  Uncaught Error: Call to undefined function get_template_directory_url() in C:\Users\User\Local Sites\skillwill-homework\app\public\wp-content\themes\teos-site\functions.php:182
Stack trace:
#0 C:\Users\User\Local Sites\skillwill-homework\app\public\wp-settings.php(600): include()
#1 C:\Users\User\Local Sites\skillwill-homework\app\public\wp-config.php(103): require_once('C:\\Users\\User\\L...')
#2 C:\Users\User\Local Sites\skillwill-homework\app\public\wp-load.php(50): require_once('C:\\Users\\User\\L...')
#3 C:\Users\User\Local Sites\skillwill-homework\app\public\wp-admin\admin-ajax.php(22): require_once('C:\\Users\\User\\L...')
#4 {main}
  thrown in C:\Users\User\Local Sites\skillwill-homework\app\public\wp-content\themes\teos-site\functions.php on line 182
[19-Oct-2023 00:20:15 UTC] PHP Parse error:  syntax error, unexpected end of file in C:\Users\User\Local Sites\skillwill-homework\app\public\wp-content\themes\teos-site\functions.php on line 184
[19-Oct-2023 00:20:15 UTC] PHP Parse error:  syntax error, unexpected end of file in C:\Users\User\Local Sites\skillwill-homework\app\public\wp-content\themes\teos-site\functions.php on line 184
[20-Oct-2023 02:56:27 UTC] PHP Fatal error:  Uncaught Error: Array callback must have exactly two elements in C:\Users\User\Local Sites\skillwill-homework\app\public\wp-content\themes\teos-site\front-page.php:4
Stack trace:
#0 C:\Users\User\Local Sites\skillwill-homework\app\public\wp-includes\template-loader.php(106): include()
#1 C:\Users\User\Local Sites\skillwill-homework\app\public\wp-blog-header.php(19): require_once('C:\\Users\\User\\L...')
#2 C:\Users\User\Local Sites\skillwill-homework\app\public\index.php(17): require('C:\\Users\\User\\L...')
#3 {main}
  thrown in C:\Users\User\Local Sites\skillwill-homework\app\public\wp-content\themes\teos-site\front-page.php on line 4
[20-Oct-2023 02:57:51 UTC] PHP Fatal error:  Uncaught Error: Array callback must have exactly two elements in C:\Users\User\Local Sites\skillwill-homework\app\public\wp-content\themes\teos-site\front-page.php:4
Stack trace:
#0 C:\Users\User\Local Sites\skillwill-homework\app\public\wp-includes\template-loader.php(106): include()
#1 C:\Users\User\Local Sites\skillwill-homework\app\public\wp-blog-header.php(19): require_once('C:\\Users\\User\\L...')
#2 C:\Users\User\Local Sites\skillwill-homework\app\public\index.php(17): require('C:\\Users\\User\\L...')
#3 {main}
  thrown in C:\Users\User\Local Sites\skillwill-homework\app\public\wp-content\themes\teos-site\front-page.php on line 4
[20-Oct-2023 03:03:26 UTC] PHP Warning:  Trying to access array offset on value of type bool in C:\Users\User\Local Sites\skillwill-homework\app\public\wp-content\themes\teos-site\front-page.php on line 20
[20-Oct-2023 03:03:26 UTC] PHP Warning:  Trying to access array offset on value of type bool in C:\Users\User\Local Sites\skillwill-homework\app\public\wp-content\themes\teos-site\front-page.php on line 20
[20-Oct-2023 19:49:04 UTC] PHP Warning:  Undefined array key "s2_card_subtitle" in C:\Users\User\Local Sites\skillwill-homework\app\public\wp-content\themes\teos-site\front-page.php on line 11
[20-Oct-2023 19:49:04 UTC] PHP Warning:  Undefined array key "$s2_card_text" in C:\Users\User\Local Sites\skillwill-homework\app\public\wp-content\themes\teos-site\front-page.php on line 13
[20-Oct-2023 19:49:08 UTC] PHP Warning:  Undefined array key "s2_card_subtitle" in C:\Users\User\Local Sites\skillwill-homework\app\public\wp-content\themes\teos-site\front-page.php on line 11
[20-Oct-2023 19:49:08 UTC] PHP Warning:  Undefined array key "$s2_card_text" in C:\Users\User\Local Sites\skillwill-homework\app\public\wp-content\themes\teos-site\front-page.php on line 13
[20-Oct-2023 19:50:20 UTC] PHP Warning:  Undefined array key "s2_card_subtitle" in C:\Users\User\Local Sites\skillwill-homework\app\public\wp-content\themes\teos-site\front-page.php on line 11
[20-Oct-2023 19:50:20 UTC] PHP Warning:  Undefined array key "$s2_card_text" in C:\Users\User\Local Sites\skillwill-homework\app\public\wp-content\themes\teos-site\front-page.php on line 13
[20-Oct-2023 19:50:38 UTC] PHP Warning:  Undefined array key "s2_card_subtitle" in C:\Users\User\Local Sites\skillwill-homework\app\public\wp-content\themes\teos-site\front-page.php on line 11
[20-Oct-2023 19:50:38 UTC] PHP Warning:  Undefined array key "$s2_card_text" in C:\Users\User\Local Sites\skillwill-homework\app\public\wp-content\themes\teos-site\front-page.php on line 13
[20-Oct-2023 19:52:36 UTC] PHP Warning:  Undefined array key "s2_card_subtitle" in C:\Users\User\Local Sites\skillwill-homework\app\public\wp-content\themes\teos-site\front-page.php on line 11
[22-Oct-2023 23:33:19 UTC] PHP Parse error:  syntax error, unexpected token "echo" in C:\Users\User\Local Sites\skillwill-homework\app\public\wp-content\themes\teos-site\front-page.php on line 31
[22-Oct-2023 23:33:55 UTC] PHP Warning:  Undefined array key "$third_section_title" in C:\Users\User\Local Sites\skillwill-homework\app\public\wp-content\themes\teos-site\front-page.php on line 17
[22-Oct-2023 23:33:55 UTC] PHP Warning:  Undefined array key "$third_section_card_1" in C:\Users\User\Local Sites\skillwill-homework\app\public\wp-content\themes\teos-site\front-page.php on line 18
[22-Oct-2023 23:33:55 UTC] PHP Warning:  Undefined array key "$third_section_card_header_img" in C:\Users\User\Local Sites\skillwill-homework\app\public\wp-content\themes\teos-site\front-page.php on line 19
[22-Oct-2023 23:33:55 UTC] PHP Warning:  Undefined array key "$third_section_card_header_title" in C:\Users\User\Local Sites\skillwill-homework\app\public\wp-content\themes\teos-site\front-page.php on line 20
[22-Oct-2023 23:33:55 UTC] PHP Warning:  Undefined array key "$third_section_card_text" in C:\Users\User\Local Sites\skillwill-homework\app\public\wp-content\themes\teos-site\front-page.php on line 21
[22-Oct-2023 23:33:55 UTC] PHP Warning:  Undefined array key "$third_section_title" in C:\Users\User\Local Sites\skillwill-homework\app\public\wp-content\themes\teos-site\front-page.php on line 23
[22-Oct-2023 23:35:12 UTC] PHP Warning:  Undefined array key "$third_section_title" in C:\Users\User\Local Sites\skillwill-homework\app\public\wp-content\themes\teos-site\front-page.php on line 17
[22-Oct-2023 23:35:12 UTC] PHP Warning:  Undefined array key "$third_section_card_1" in C:\Users\User\Local Sites\skillwill-homework\app\public\wp-content\themes\teos-site\front-page.php on line 18
[22-Oct-2023 23:35:12 UTC] PHP Warning:  Undefined array key "$third_section_card_header_img" in C:\Users\User\Local Sites\skillwill-homework\app\public\wp-content\themes\teos-site\front-page.php on line 19
[22-Oct-2023 23:35:12 UTC] PHP Warning:  Undefined array key "$third_section_card_header_title" in C:\Users\User\Local Sites\skillwill-homework\app\public\wp-content\themes\teos-site\front-page.php on line 20
[22-Oct-2023 23:35:12 UTC] PHP Warning:  Undefined array key "$third_section_card_text" in C:\Users\User\Local Sites\skillwill-homework\app\public\wp-content\themes\teos-site\front-page.php on line 21
[22-Oct-2023 23:35:12 UTC] PHP Warning:  Undefined array key "$third_section_title" in C:\Users\User\Local Sites\skillwill-homework\app\public\wp-content\themes\teos-site\front-page.php on line 23
[22-Oct-2023 23:37:10 UTC] PHP Warning:  Undefined array key "$third_section_title" in C:\Users\User\Local Sites\skillwill-homework\app\public\wp-content\themes\teos-site\front-page.php on line 17
[22-Oct-2023 23:37:10 UTC] PHP Warning:  Undefined array key "$third_section_card_1" in C:\Users\User\Local Sites\skillwill-homework\app\public\wp-content\themes\teos-site\front-page.php on line 18
[22-Oct-2023 23:37:10 UTC] PHP Warning:  Undefined array key "$third_section_card_header_img" in C:\Users\User\Local Sites\skillwill-homework\app\public\wp-content\themes\teos-site\front-page.php on line 19
[22-Oct-2023 23:37:10 UTC] PHP Warning:  Undefined array key "$third_section_card_header_title" in C:\Users\User\Local Sites\skillwill-homework\app\public\wp-content\themes\teos-site\front-page.php on line 20
[22-Oct-2023 23:37:10 UTC] PHP Warning:  Undefined array key "$third_section_card_text" in C:\Users\User\Local Sites\skillwill-homework\app\public\wp-content\themes\teos-site\front-page.php on line 21
[22-Oct-2023 23:37:10 UTC] PHP Warning:  Undefined array key "$third_section_title" in C:\Users\User\Local Sites\skillwill-homework\app\public\wp-content\themes\teos-site\front-page.php on line 23
[22-Oct-2023 23:37:10 UTC] PHP Warning:  Trying to access array offset on value of type null in C:\Users\User\Local Sites\skillwill-homework\app\public\wp-content\themes\teos-site\front-page.php on line 100
[22-Oct-2023 23:37:10 UTC] PHP Warning:  Trying to access array offset on value of type null in C:\Users\User\Local Sites\skillwill-homework\app\public\wp-content\themes\teos-site\front-page.php on line 100
[22-Oct-2023 23:50:44 UTC] PHP Warning:  Undefined array key "$third_section_title" in C:\Users\User\Local Sites\skillwill-homework\app\public\wp-content\themes\teos-site\front-page.php on line 17
[22-Oct-2023 23:50:44 UTC] PHP Warning:  Undefined array key "$third_section_card_1" in C:\Users\User\Local Sites\skillwill-homework\app\public\wp-content\themes\teos-site\front-page.php on line 18
[22-Oct-2023 23:50:44 UTC] PHP Warning:  Undefined array key "$third_section_title" in C:\Users\User\Local Sites\skillwill-homework\app\public\wp-content\themes\teos-site\front-page.php on line 19
[22-Oct-2023 23:50:44 UTC] PHP Warning:  Trying to access array offset on value of type null in C:\Users\User\Local Sites\skillwill-homework\app\public\wp-content\themes\teos-site\front-page.php on line 90
[22-Oct-2023 23:50:44 UTC] PHP Warning:  Trying to access array offset on value of type null in C:\Users\User\Local Sites\skillwill-homework\app\public\wp-content\themes\teos-site\front-page.php on line 90
[22-Oct-2023 23:50:44 UTC] PHP Warning:  Trying to access array offset on value of type null in C:\Users\User\Local Sites\skillwill-homework\app\public\wp-content\themes\teos-site\front-page.php on line 94
[22-Oct-2023 23:50:44 UTC] PHP Warning:  Trying to access array offset on value of type null in C:\Users\User\Local Sites\skillwill-homework\app\public\wp-content\themes\teos-site\front-page.php on line 98
[22-Oct-2023 23:50:44 UTC] PHP Warning:  Trying to access array offset on value of type null in C:\Users\User\Local Sites\skillwill-homework\app\public\wp-content\themes\teos-site\front-page.php on line 105
[22-Oct-2023 23:50:44 UTC] PHP Warning:  Trying to access array offset on value of type null in C:\Users\User\Local Sites\skillwill-homework\app\public\wp-content\themes\teos-site\front-page.php on line 105
[22-Oct-2023 23:50:44 UTC] PHP Warning:  Trying to access array offset on value of type null in C:\Users\User\Local Sites\skillwill-homework\app\public\wp-content\themes\teos-site\front-page.php on line 109
[22-Oct-2023 23:50:44 UTC] PHP Warning:  Trying to access array offset on value of type null in C:\Users\User\Local Sites\skillwill-homework\app\public\wp-content\themes\teos-site\front-page.php on line 113
[22-Oct-2023 23:50:56 UTC] PHP Warning:  Undefined array key "$third_section_title" in C:\Users\User\Local Sites\skillwill-homework\app\public\wp-content\themes\teos-site\front-page.php on line 17
[22-Oct-2023 23:50:56 UTC] PHP Warning:  Undefined array key "$third_section_card_1" in C:\Users\User\Local Sites\skillwill-homework\app\public\wp-content\themes\teos-site\front-page.php on line 18
[22-Oct-2023 23:50:56 UTC] PHP Warning:  Undefined array key "$third_section_title" in C:\Users\User\Local Sites\skillwill-homework\app\public\wp-content\themes\teos-site\front-page.php on line 19
[22-Oct-2023 23:50:56 UTC] PHP Warning:  Trying to access array offset on value of type null in C:\Users\User\Local Sites\skillwill-homework\app\public\wp-content\themes\teos-site\front-page.php on line 90
[22-Oct-2023 23:50:56 UTC] PHP Warning:  Trying to access array offset on value of type null in C:\Users\User\Local Sites\skillwill-homework\app\public\wp-content\themes\teos-site\front-page.php on line 90
[22-Oct-2023 23:50:56 UTC] PHP Warning:  Trying to access array offset on value of type null in C:\Users\User\Local Sites\skillwill-homework\app\public\wp-content\themes\teos-site\front-page.php on line 94
[22-Oct-2023 23:50:56 UTC] PHP Warning:  Trying to access array offset on value of type null in C:\Users\User\Local Sites\skillwill-homework\app\public\wp-content\themes\teos-site\front-page.php on line 98
[22-Oct-2023 23:50:56 UTC] PHP Warning:  Trying to access array offset on value of type null in C:\Users\User\Local Sites\skillwill-homework\app\public\wp-content\themes\teos-site\front-page.php on line 105
[22-Oct-2023 23:50:56 UTC] PHP Warning:  Trying to access array offset on value of type null in C:\Users\User\Local Sites\skillwill-homework\app\public\wp-content\themes\teos-site\front-page.php on line 105
[22-Oct-2023 23:50:56 UTC] PHP Warning:  Trying to access array offset on value of type null in C:\Users\User\Local Sites\skillwill-homework\app\public\wp-content\themes\teos-site\front-page.php on line 109
[22-Oct-2023 23:50:56 UTC] PHP Warning:  Trying to access array offset on value of type null in C:\Users\User\Local Sites\skillwill-homework\app\public\wp-content\themes\teos-site\front-page.php on line 113
[22-Oct-2023 23:51:34 UTC] PHP Warning:  Undefined array key "$third_section_title" in C:\Users\User\Local Sites\skillwill-homework\app\public\wp-content\themes\teos-site\front-page.php on line 17
[22-Oct-2023 23:51:34 UTC] PHP Warning:  Undefined array key "$third_section_card_1" in C:\Users\User\Local Sites\skillwill-homework\app\public\wp-content\themes\teos-site\front-page.php on line 18
[22-Oct-2023 23:51:34 UTC] PHP Warning:  Undefined array key "$third_section_card_2" in C:\Users\User\Local Sites\skillwill-homework\app\public\wp-content\themes\teos-site\front-page.php on line 19
[22-Oct-2023 23:51:35 UTC] PHP Warning:  Trying to access array offset on value of type null in C:\Users\User\Local Sites\skillwill-homework\app\public\wp-content\themes\teos-site\front-page.php on line 90
[22-Oct-2023 23:51:35 UTC] PHP Warning:  Trying to access array offset on value of type null in C:\Users\User\Local Sites\skillwill-homework\app\public\wp-content\themes\teos-site\front-page.php on line 90
[22-Oct-2023 23:51:35 UTC] PHP Warning:  Trying to access array offset on value of type null in C:\Users\User\Local Sites\skillwill-homework\app\public\wp-content\themes\teos-site\front-page.php on line 94
[22-Oct-2023 23:51:35 UTC] PHP Warning:  Trying to access array offset on value of type null in C:\Users\User\Local Sites\skillwill-homework\app\public\wp-content\themes\teos-site\front-page.php on line 98
[22-Oct-2023 23:51:35 UTC] PHP Warning:  Trying to access array offset on value of type null in C:\Users\User\Local Sites\skillwill-homework\app\public\wp-content\themes\teos-site\front-page.php on line 105
[22-Oct-2023 23:51:35 UTC] PHP Warning:  Trying to access array offset on value of type null in C:\Users\User\Local Sites\skillwill-homework\app\public\wp-content\themes\teos-site\front-page.php on line 105
[22-Oct-2023 23:51:35 UTC] PHP Warning:  Trying to access array offset on value of type null in C:\Users\User\Local Sites\skillwill-homework\app\public\wp-content\themes\teos-site\front-page.php on line 109
[22-Oct-2023 23:51:35 UTC] PHP Warning:  Trying to access array offset on value of type null in C:\Users\User\Local Sites\skillwill-homework\app\public\wp-content\themes\teos-site\front-page.php on line 113
[22-Oct-2023 23:53:52 UTC] PHP Warning:  Array to string conversion in C:\Users\User\Local Sites\skillwill-homework\app\public\wp-content\themes\teos-site\front-page.php on line 90
[22-Oct-2023 23:53:52 UTC] PHP Warning:  Undefined array key "alt" in C:\Users\User\Local Sites\skillwill-homework\app\public\wp-content\themes\teos-site\front-page.php on line 90
[22-Oct-2023 23:53:52 UTC] PHP Warning:  Undefined array key "$third_section_card_2_img" in C:\Users\User\Local Sites\skillwill-homework\app\public\wp-content\themes\teos-site\front-page.php on line 105
[22-Oct-2023 23:53:52 UTC] PHP Warning:  Undefined array key "alt" in C:\Users\User\Local Sites\skillwill-homework\app\public\wp-content\themes\teos-site\front-page.php on line 105
[22-Oct-2023 23:54:26 UTC] PHP Warning:  Array to string conversion in C:\Users\User\Local Sites\skillwill-homework\app\public\wp-content\themes\teos-site\front-page.php on line 90
[22-Oct-2023 23:54:26 UTC] PHP Warning:  Undefined array key "alt" in C:\Users\User\Local Sites\skillwill-homework\app\public\wp-content\themes\teos-site\front-page.php on line 90
[22-Oct-2023 23:54:26 UTC] PHP Warning:  Array to string conversion in C:\Users\User\Local Sites\skillwill-homework\app\public\wp-content\themes\teos-site\front-page.php on line 105
[22-Oct-2023 23:54:26 UTC] PHP Warning:  Undefined array key "alt" in C:\Users\User\Local Sites\skillwill-homework\app\public\wp-content\themes\teos-site\front-page.php on line 105
[22-Oct-2023 23:55:19 UTC] PHP Warning:  Array to string conversion in C:\Users\User\Local Sites\skillwill-homework\app\public\wp-content\themes\teos-site\front-page.php on line 90
[22-Oct-2023 23:55:19 UTC] PHP Warning:  Undefined array key "alt" in C:\Users\User\Local Sites\skillwill-homework\app\public\wp-content\themes\teos-site\front-page.php on line 90
[22-Oct-2023 23:55:19 UTC] PHP Warning:  Array to string conversion in C:\Users\User\Local Sites\skillwill-homework\app\public\wp-content\themes\teos-site\front-page.php on line 105
[22-Oct-2023 23:55:19 UTC] PHP Warning:  Undefined array key "alt" in C:\Users\User\Local Sites\skillwill-homework\app\public\wp-content\themes\teos-site\front-page.php on line 105
[22-Oct-2023 23:55:58 UTC] PHP Warning:  Array to string conversion in C:\Users\User\Local Sites\skillwill-homework\app\public\wp-content\themes\teos-site\front-page.php on line 90
[22-Oct-2023 23:55:58 UTC] PHP Warning:  Undefined array key "alt" in C:\Users\User\Local Sites\skillwill-homework\app\public\wp-content\themes\teos-site\front-page.php on line 90
[22-Oct-2023 23:55:58 UTC] PHP Warning:  Array to string conversion in C:\Users\User\Local Sites\skillwill-homework\app\public\wp-content\themes\teos-site\front-page.php on line 105
[22-Oct-2023 23:55:58 UTC] PHP Warning:  Undefined array key "alt" in C:\Users\User\Local Sites\skillwill-homework\app\public\wp-content\themes\teos-site\front-page.php on line 105
[22-Oct-2023 23:57:20 UTC] PHP Warning:  Undefined array key "alt" in C:\Users\User\Local Sites\skillwill-homework\app\public\wp-content\themes\teos-site\front-page.php on line 90
[22-Oct-2023 23:57:20 UTC] PHP Warning:  Undefined array key "alt" in C:\Users\User\Local Sites\skillwill-homework\app\public\wp-content\themes\teos-site\front-page.php on line 105
[22-Oct-2023 23:58:32 UTC] PHP Warning:  Undefined array key "alt" in C:\Users\User\Local Sites\skillwill-homework\app\public\wp-content\themes\teos-site\front-page.php on line 90
[22-Oct-2023 23:58:32 UTC] PHP Warning:  Undefined array key "alt" in C:\Users\User\Local Sites\skillwill-homework\app\public\wp-content\themes\teos-site\front-page.php on line 105
[22-Oct-2023 23:58:37 UTC] PHP Warning:  Undefined array key "alt" in C:\Users\User\Local Sites\skillwill-homework\app\public\wp-content\themes\teos-site\front-page.php on line 90
[22-Oct-2023 23:58:37 UTC] PHP Warning:  Undefined array key "alt" in C:\Users\User\Local Sites\skillwill-homework\app\public\wp-content\themes\teos-site\front-page.php on line 105
[23-Oct-2023 00:01:32 UTC] PHP Warning:  Undefined array key "alt" in C:\Users\User\Local Sites\skillwill-homework\app\public\wp-content\themes\teos-site\front-page.php on line 90
[23-Oct-2023 00:01:32 UTC] PHP Warning:  Undefined array key "alt" in C:\Users\User\Local Sites\skillwill-homework\app\public\wp-content\themes\teos-site\front-page.php on line 105
[23-Oct-2023 18:16:26 UTC] PHP Warning:  Trying to access array offset on value of type null in C:\Users\User\Local Sites\skillwill-homework\app\public\wp-content\themes\teos-site\front-page.php on line 22
[23-Oct-2023 18:16:26 UTC] PHP Warning:  Trying to access array offset on value of type null in C:\Users\User\Local Sites\skillwill-homework\app\public\wp-content\themes\teos-site\front-page.php on line 23
[23-Oct-2023 18:16:26 UTC] PHP Warning:  Trying to access array offset on value of type null in C:\Users\User\Local Sites\skillwill-homework\app\public\wp-content\themes\teos-site\front-page.php on line 26
[23-Oct-2023 18:16:27 UTC] PHP Warning:  Trying to access array offset on value of type null in C:\Users\User\Local Sites\skillwill-homework\app\public\wp-content\themes\teos-site\front-page.php on line 22
[23-Oct-2023 18:16:27 UTC] PHP Warning:  Trying to access array offset on value of type null in C:\Users\User\Local Sites\skillwill-homework\app\public\wp-content\themes\teos-site\front-page.php on line 23
[23-Oct-2023 18:16:27 UTC] PHP Warning:  Trying to access array offset on value of type null in C:\Users\User\Local Sites\skillwill-homework\app\public\wp-content\themes\teos-site\front-page.php on line 26
[23-Oct-2023 18:46:26 UTC] PHP Warning:  Trying to access array offset on value of type null in C:\Users\User\Local Sites\skillwill-homework\app\public\wp-content\themes\teos-site\front-page.php on line 22
[23-Oct-2023 18:46:26 UTC] PHP Warning:  Trying to access array offset on value of type null in C:\Users\User\Local Sites\skillwill-homework\app\public\wp-content\themes\teos-site\front-page.php on line 23
[23-Oct-2023 18:46:26 UTC] PHP Warning:  Trying to access array offset on value of type null in C:\Users\User\Local Sites\skillwill-homework\app\public\wp-content\themes\teos-site\front-page.php on line 24
[23-Oct-2023 18:46:26 UTC] PHP Warning:  Trying to access array offset on value of type null in C:\Users\User\Local Sites\skillwill-homework\app\public\wp-content\themes\teos-site\front-page.php on line 25
[23-Oct-2023 18:46:26 UTC] PHP Warning:  Trying to access array offset on value of type null in C:\Users\User\Local Sites\skillwill-homework\app\public\wp-content\themes\teos-site\front-page.php on line 26
[23-Oct-2023 18:57:53 UTC] PHP Warning:  Trying to access array offset on value of type null in C:\Users\User\Local Sites\skillwill-homework\app\public\wp-content\themes\teos-site\front-page.php on line 22
[23-Oct-2023 18:57:53 UTC] PHP Warning:  Trying to access array offset on value of type null in C:\Users\User\Local Sites\skillwill-homework\app\public\wp-content\themes\teos-site\front-page.php on line 23
[23-Oct-2023 18:57:53 UTC] PHP Warning:  Trying to access array offset on value of type null in C:\Users\User\Local Sites\skillwill-homework\app\public\wp-content\themes\teos-site\front-page.php on line 24
[23-Oct-2023 18:57:53 UTC] PHP Warning:  Trying to access array offset on value of type null in C:\Users\User\Local Sites\skillwill-homework\app\public\wp-content\themes\teos-site\front-page.php on line 25
[23-Oct-2023 18:57:53 UTC] PHP Warning:  Trying to access array offset on value of type null in C:\Users\User\Local Sites\skillwill-homework\app\public\wp-content\themes\teos-site\front-page.php on line 26
[23-Oct-2023 18:57:53 UTC] PHP Warning:  Trying to access array offset on value of type null in C:\Users\User\Local Sites\skillwill-homework\app\public\wp-content\themes\teos-site\front-page.php on line 142
[23-Oct-2023 18:57:53 UTC] PHP Warning:  Trying to access array offset on value of type null in C:\Users\User\Local Sites\skillwill-homework\app\public\wp-content\themes\teos-site\front-page.php on line 143
[23-Oct-2023 18:57:53 UTC] PHP Warning:  Trying to access array offset on value of type null in C:\Users\User\Local Sites\skillwill-homework\app\public\wp-content\themes\teos-site\front-page.php on line 149
[23-Oct-2023 18:57:53 UTC] PHP Warning:  Trying to access array offset on value of type null in C:\Users\User\Local Sites\skillwill-homework\app\public\wp-content\themes\teos-site\front-page.php on line 149
[23-Oct-2023 18:57:53 UTC] PHP Warning:  Trying to access array offset on value of type null in C:\Users\User\Local Sites\skillwill-homework\app\public\wp-content\themes\teos-site\front-page.php on line 149
[23-Oct-2023 18:57:53 UTC] PHP Warning:  Trying to access array offset on value of type null in C:\Users\User\Local Sites\skillwill-homework\app\public\wp-content\themes\teos-site\front-page.php on line 149
[23-Oct-2023 18:57:53 UTC] PHP Warning:  Trying to access array offset on value of type null in C:\Users\User\Local Sites\skillwill-homework\app\public\wp-content\themes\teos-site\front-page.php on line 154
[23-Oct-2023 18:57:53 UTC] PHP Warning:  Trying to access array offset on value of type null in C:\Users\User\Local Sites\skillwill-homework\app\public\wp-content\themes\teos-site\front-page.php on line 160
[23-Oct-2023 18:57:53 UTC] PHP Warning:  Trying to access array offset on value of type null in C:\Users\User\Local Sites\skillwill-homework\app\public\wp-content\themes\teos-site\front-page.php on line 160
[23-Oct-2023 18:57:53 UTC] PHP Warning:  Trying to access array offset on value of type null in C:\Users\User\Local Sites\skillwill-homework\app\public\wp-content\themes\teos-site\front-page.php on line 160
[23-Oct-2023 18:57:53 UTC] PHP Warning:  Trying to access array offset on value of type null in C:\Users\User\Local Sites\skillwill-homework\app\public\wp-content\themes\teos-site\front-page.php on line 160
[23-Oct-2023 18:57:53 UTC] PHP Warning:  Trying to access array offset on value of type null in C:\Users\User\Local Sites\skillwill-homework\app\public\wp-content\themes\teos-site\front-page.php on line 164
[23-Oct-2023 18:57:53 UTC] PHP Warning:  Trying to access array offset on value of type null in C:\Users\User\Local Sites\skillwill-homework\app\public\wp-content\themes\teos-site\front-page.php on line 165
[23-Oct-2023 18:59:59 UTC] PHP Warning:  Trying to access array offset on value of type null in C:\Users\User\Local Sites\skillwill-homework\app\public\wp-content\themes\teos-site\front-page.php on line 22
[23-Oct-2023 18:59:59 UTC] PHP Warning:  Trying to access array offset on value of type null in C:\Users\User\Local Sites\skillwill-homework\app\public\wp-content\themes\teos-site\front-page.php on line 23
[23-Oct-2023 18:59:59 UTC] PHP Warning:  Trying to access array offset on value of type null in C:\Users\User\Local Sites\skillwill-homework\app\public\wp-content\themes\teos-site\front-page.php on line 24
[23-Oct-2023 18:59:59 UTC] PHP Warning:  Trying to access array offset on value of type null in C:\Users\User\Local Sites\skillwill-homework\app\public\wp-content\themes\teos-site\front-page.php on line 25
[23-Oct-2023 18:59:59 UTC] PHP Warning:  Trying to access array offset on value of type null in C:\Users\User\Local Sites\skillwill-homework\app\public\wp-content\themes\teos-site\front-page.php on line 26
[23-Oct-2023 18:59:59 UTC] PHP Warning:  Trying to access array offset on value of type null in C:\Users\User\Local Sites\skillwill-homework\app\public\wp-content\themes\teos-site\front-page.php on line 142
[23-Oct-2023 18:59:59 UTC] PHP Warning:  Trying to access array offset on value of type null in C:\Users\User\Local Sites\skillwill-homework\app\public\wp-content\themes\teos-site\front-page.php on line 143
[23-Oct-2023 18:59:59 UTC] PHP Warning:  Trying to access array offset on value of type null in C:\Users\User\Local Sites\skillwill-homework\app\public\wp-content\themes\teos-site\front-page.php on line 149
[23-Oct-2023 18:59:59 UTC] PHP Warning:  Trying to access array offset on value of type null in C:\Users\User\Local Sites\skillwill-homework\app\public\wp-content\themes\teos-site\front-page.php on line 149
[23-Oct-2023 18:59:59 UTC] PHP Warning:  Trying to access array offset on value of type null in C:\Users\User\Local Sites\skillwill-homework\app\public\wp-content\themes\teos-site\front-page.php on line 149
[23-Oct-2023 18:59:59 UTC] PHP Warning:  Trying to access array offset on value of type null in C:\Users\User\Local Sites\skillwill-homework\app\public\wp-content\themes\teos-site\front-page.php on line 149
[23-Oct-2023 18:59:59 UTC] PHP Warning:  Trying to access array offset on value of type null in C:\Users\User\Local Sites\skillwill-homework\app\public\wp-content\themes\teos-site\front-page.php on line 154
[23-Oct-2023 18:59:59 UTC] PHP Warning:  Trying to access array offset on value of type null in C:\Users\User\Local Sites\skillwill-homework\app\public\wp-content\themes\teos-site\front-page.php on line 160
[23-Oct-2023 18:59:59 UTC] PHP Warning:  Trying to access array offset on value of type null in C:\Users\User\Local Sites\skillwill-homework\app\public\wp-content\themes\teos-site\front-page.php on line 160
[23-Oct-2023 18:59:59 UTC] PHP Warning:  Trying to access array offset on value of type null in C:\Users\User\Local Sites\skillwill-homework\app\public\wp-content\themes\teos-site\front-page.php on line 160
[23-Oct-2023 18:59:59 UTC] PHP Warning:  Trying to access array offset on value of type null in C:\Users\User\Local Sites\skillwill-homework\app\public\wp-content\themes\teos-site\front-page.php on line 160
[23-Oct-2023 18:59:59 UTC] PHP Warning:  Trying to access array offset on value of type null in C:\Users\User\Local Sites\skillwill-homework\app\public\wp-content\themes\teos-site\front-page.php on line 164
[23-Oct-2023 18:59:59 UTC] PHP Warning:  Trying to access array offset on value of type null in C:\Users\User\Local Sites\skillwill-homework\app\public\wp-content\themes\teos-site\front-page.php on line 165
[23-Oct-2023 19:00:00 UTC] PHP Warning:  Trying to access array offset on value of type null in C:\Users\User\Local Sites\skillwill-homework\app\public\wp-content\themes\teos-site\front-page.php on line 22
[23-Oct-2023 19:00:00 UTC] PHP Warning:  Trying to access array offset on value of type null in C:\Users\User\Local Sites\skillwill-homework\app\public\wp-content\themes\teos-site\front-page.php on line 23
[23-Oct-2023 19:00:00 UTC] PHP Warning:  Trying to access array offset on value of type null in C:\Users\User\Local Sites\skillwill-homework\app\public\wp-content\themes\teos-site\front-page.php on line 24
[23-Oct-2023 19:00:00 UTC] PHP Warning:  Trying to access array offset on value of type null in C:\Users\User\Local Sites\skillwill-homework\app\public\wp-content\themes\teos-site\front-page.php on line 25
[23-Oct-2023 19:00:00 UTC] PHP Warning:  Trying to access array offset on value of type null in C:\Users\User\Local Sites\skillwill-homework\app\public\wp-content\themes\teos-site\front-page.php on line 26
[23-Oct-2023 19:00:00 UTC] PHP Warning:  Trying to access array offset on value of type null in C:\Users\User\Local Sites\skillwill-homework\app\public\wp-content\themes\teos-site\front-page.php on line 142
[23-Oct-2023 19:00:00 UTC] PHP Warning:  Trying to access array offset on value of type null in C:\Users\User\Local Sites\skillwill-homework\app\public\wp-content\themes\teos-site\front-page.php on line 143
[23-Oct-2023 19:00:00 UTC] PHP Warning:  Trying to access array offset on value of type null in C:\Users\User\Local Sites\skillwill-homework\app\public\wp-content\themes\teos-site\front-page.php on line 149
[23-Oct-2023 19:00:00 UTC] PHP Warning:  Trying to access array offset on value of type null in C:\Users\User\Local Sites\skillwill-homework\app\public\wp-content\themes\teos-site\front-page.php on line 149
[23-Oct-2023 19:00:00 UTC] PHP Warning:  Trying to access array offset on value of type null in C:\Users\User\Local Sites\skillwill-homework\app\public\wp-content\themes\teos-site\front-page.php on line 149
[23-Oct-2023 19:00:00 UTC] PHP Warning:  Trying to access array offset on value of type null in C:\Users\User\Local Sites\skillwill-homework\app\public\wp-content\themes\teos-site\front-page.php on line 149
[23-Oct-2023 19:00:00 UTC] PHP Warning:  Trying to access array offset on value of type null in C:\Users\User\Local Sites\skillwill-homework\app\public\wp-content\themes\teos-site\front-page.php on line 154
[23-Oct-2023 19:00:00 UTC] PHP Warning:  Trying to access array offset on value of type null in C:\Users\User\Local Sites\skillwill-homework\app\public\wp-content\themes\teos-site\front-page.php on line 160
[23-Oct-2023 19:00:00 UTC] PHP Warning:  Trying to access array offset on value of type null in C:\Users\User\Local Sites\skillwill-homework\app\public\wp-content\themes\teos-site\front-page.php on line 160
[23-Oct-2023 19:00:00 UTC] PHP Warning:  Trying to access array offset on value of type null in C:\Users\User\Local Sites\skillwill-homework\app\public\wp-content\themes\teos-site\front-page.php on line 160
[23-Oct-2023 19:00:00 UTC] PHP Warning:  Trying to access array offset on value of type null in C:\Users\User\Local Sites\skillwill-homework\app\public\wp-content\themes\teos-site\front-page.php on line 160
[23-Oct-2023 19:00:00 UTC] PHP Warning:  Trying to access array offset on value of type null in C:\Users\User\Local Sites\skillwill-homework\app\public\wp-content\themes\teos-site\front-page.php on line 164
[23-Oct-2023 19:00:00 UTC] PHP Warning:  Trying to access array offset on value of type null in C:\Users\User\Local Sites\skillwill-homework\app\public\wp-content\themes\teos-site\front-page.php on line 165
[23-Oct-2023 19:00:33 UTC] PHP Warning:  Trying to access array offset on value of type null in C:\Users\User\Local Sites\skillwill-homework\app\public\wp-content\themes\teos-site\front-page.php on line 22
[23-Oct-2023 19:00:33 UTC] PHP Warning:  Trying to access array offset on value of type null in C:\Users\User\Local Sites\skillwill-homework\app\public\wp-content\themes\teos-site\front-page.php on line 23
[23-Oct-2023 19:00:33 UTC] PHP Warning:  Trying to access array offset on value of type null in C:\Users\User\Local Sites\skillwill-homework\app\public\wp-content\themes\teos-site\front-page.php on line 24
[23-Oct-2023 19:00:33 UTC] PHP Warning:  Trying to access array offset on value of type null in C:\Users\User\Local Sites\skillwill-homework\app\public\wp-content\themes\teos-site\front-page.php on line 25
[23-Oct-2023 19:00:33 UTC] PHP Warning:  Trying to access array offset on value of type null in C:\Users\User\Local Sites\skillwill-homework\app\public\wp-content\themes\teos-site\front-page.php on line 26
[23-Oct-2023 19:00:33 UTC] PHP Warning:  Trying to access array offset on value of type null in C:\Users\User\Local Sites\skillwill-homework\app\public\wp-content\themes\teos-site\front-page.php on line 142
[23-Oct-2023 19:00:33 UTC] PHP Warning:  Trying to access array offset on value of type null in C:\Users\User\Local Sites\skillwill-homework\app\public\wp-content\themes\teos-site\front-page.php on line 143
[23-Oct-2023 19:00:33 UTC] PHP Warning:  Trying to access array offset on value of type null in C:\Users\User\Local Sites\skillwill-homework\app\public\wp-content\themes\teos-site\front-page.php on line 149
[23-Oct-2023 19:00:33 UTC] PHP Warning:  Trying to access array offset on value of type null in C:\Users\User\Local Sites\skillwill-homework\app\public\wp-content\themes\teos-site\front-page.php on line 149
[23-Oct-2023 19:00:33 UTC] PHP Warning:  Trying to access array offset on value of type null in C:\Users\User\Local Sites\skillwill-homework\app\public\wp-content\themes\teos-site\front-page.php on line 149
[23-Oct-2023 19:00:33 UTC] PHP Warning:  Trying to access array offset on value of type null in C:\Users\User\Local Sites\skillwill-homework\app\public\wp-content\themes\teos-site\front-page.php on line 149
[23-Oct-2023 19:00:33 UTC] PHP Warning:  Trying to access array offset on value of type null in C:\Users\User\Local Sites\skillwill-homework\app\public\wp-content\themes\teos-site\front-page.php on line 154
[23-Oct-2023 19:00:33 UTC] PHP Warning:  Trying to access array offset on value of type null in C:\Users\User\Local Sites\skillwill-homework\app\public\wp-content\themes\teos-site\front-page.php on line 160
[23-Oct-2023 19:00:33 UTC] PHP Warning:  Trying to access array offset on value of type null in C:\Users\User\Local Sites\skillwill-homework\app\public\wp-content\themes\teos-site\front-page.php on line 160
[23-Oct-2023 19:00:33 UTC] PHP Warning:  Trying to access array offset on value of type null in C:\Users\User\Local Sites\skillwill-homework\app\public\wp-content\themes\teos-site\front-page.php on line 160
[23-Oct-2023 19:00:33 UTC] PHP Warning:  Trying to access array offset on value of type null in C:\Users\User\Local Sites\skillwill-homework\app\public\wp-content\themes\teos-site\front-page.php on line 160
[23-Oct-2023 19:00:33 UTC] PHP Warning:  Trying to access array offset on value of type null in C:\Users\User\Local Sites\skillwill-homework\app\public\wp-content\themes\teos-site\front-page.php on line 164
[23-Oct-2023 19:00:33 UTC] PHP Warning:  Trying to access array offset on value of type null in C:\Users\User\Local Sites\skillwill-homework\app\public\wp-content\themes\teos-site\front-page.php on line 165
[23-Oct-2023 19:01:18 UTC] PHP Warning:  Trying to access array offset on value of type bool in C:\Users\User\Local Sites\skillwill-homework\app\public\wp-content\themes\teos-site\front-page.php on line 138
[23-Oct-2023 19:01:18 UTC] PHP Warning:  Undefined array key "card_image" in C:\Users\User\Local Sites\skillwill-homework\app\public\wp-content\themes\teos-site\front-page.php on line 138
[23-Oct-2023 19:01:18 UTC] PHP Warning:  Trying to access array offset on value of type null in C:\Users\User\Local Sites\skillwill-homework\app\public\wp-content\themes\teos-site\front-page.php on line 138
[23-Oct-2023 19:01:18 UTC] PHP Warning:  Trying to access array offset on value of type bool in C:\Users\User\Local Sites\skillwill-homework\app\public\wp-content\themes\teos-site\front-page.php on line 149
[23-Oct-2023 19:01:18 UTC] PHP Warning:  Trying to access array offset on value of type bool in C:\Users\User\Local Sites\skillwill-homework\app\public\wp-content\themes\teos-site\front-page.php on line 149
[23-Oct-2023 19:01:18 UTC] PHP Warning:  Trying to access array offset on value of type bool in C:\Users\User\Local Sites\skillwill-homework\app\public\wp-content\themes\teos-site\front-page.php on line 160
[23-Oct-2023 19:01:18 UTC] PHP Warning:  Trying to access array offset on value of type bool in C:\Users\User\Local Sites\skillwill-homework\app\public\wp-content\themes\teos-site\front-page.php on line 160
[23-Oct-2023 19:02:26 UTC] PHP Warning:  Trying to access array offset on value of type int in C:\Users\User\Local Sites\skillwill-homework\app\public\wp-content\themes\teos-site\front-page.php on line 138
[23-Oct-2023 19:02:26 UTC] PHP Warning:  Undefined array key "card_image" in C:\Users\User\Local Sites\skillwill-homework\app\public\wp-content\themes\teos-site\front-page.php on line 138
[23-Oct-2023 19:02:26 UTC] PHP Warning:  Trying to access array offset on value of type null in C:\Users\User\Local Sites\skillwill-homework\app\public\wp-content\themes\teos-site\front-page.php on line 138
[23-Oct-2023 19:02:26 UTC] PHP Warning:  Trying to access array offset on value of type int in C:\Users\User\Local Sites\skillwill-homework\app\public\wp-content\themes\teos-site\front-page.php on line 149
[23-Oct-2023 19:02:26 UTC] PHP Warning:  Trying to access array offset on value of type int in C:\Users\User\Local Sites\skillwill-homework\app\public\wp-content\themes\teos-site\front-page.php on line 149
[23-Oct-2023 19:02:28 UTC] PHP Warning:  Trying to access array offset on value of type int in C:\Users\User\Local Sites\skillwill-homework\app\public\wp-content\themes\teos-site\front-page.php on line 138
[23-Oct-2023 19:02:28 UTC] PHP Warning:  Undefined array key "card_image" in C:\Users\User\Local Sites\skillwill-homework\app\public\wp-content\themes\teos-site\front-page.php on line 138
[23-Oct-2023 19:02:28 UTC] PHP Warning:  Trying to access array offset on value of type null in C:\Users\User\Local Sites\skillwill-homework\app\public\wp-content\themes\teos-site\front-page.php on line 138
[23-Oct-2023 19:02:28 UTC] PHP Warning:  Trying to access array offset on value of type int in C:\Users\User\Local Sites\skillwill-homework\app\public\wp-content\themes\teos-site\front-page.php on line 149
[23-Oct-2023 19:02:28 UTC] PHP Warning:  Trying to access array offset on value of type int in C:\Users\User\Local Sites\skillwill-homework\app\public\wp-content\themes\teos-site\front-page.php on line 149
[23-Oct-2023 19:05:08 UTC] PHP Warning:  Trying to access array offset on value of type int in C:\Users\User\Local Sites\skillwill-homework\app\public\wp-content\themes\teos-site\front-page.php on line 138
[23-Oct-2023 19:05:08 UTC] PHP Warning:  Trying to access array offset on value of type int in C:\Users\User\Local Sites\skillwill-homework\app\public\wp-content\themes\teos-site\front-page.php on line 138
[23-Oct-2023 19:05:08 UTC] PHP Warning:  Trying to access array offset on value of type int in C:\Users\User\Local Sites\skillwill-homework\app\public\wp-content\themes\teos-site\front-page.php on line 149
[23-Oct-2023 19:05:08 UTC] PHP Warning:  Trying to access array offset on value of type int in C:\Users\User\Local Sites\skillwill-homework\app\public\wp-content\themes\teos-site\front-page.php on line 149
[23-Oct-2023 19:06:05 UTC] PHP Warning:  Trying to access array offset on value of type int in C:\Users\User\Local Sites\skillwill-homework\app\public\wp-content\themes\teos-site\front-page.php on line 138
[23-Oct-2023 19:06:05 UTC] PHP Warning:  Trying to access array offset on value of type int in C:\Users\User\Local Sites\skillwill-homework\app\public\wp-content\themes\teos-site\front-page.php on line 138
[23-Oct-2023 19:06:05 UTC] PHP Warning:  Trying to access array offset on value of type int in C:\Users\User\Local Sites\skillwill-homework\app\public\wp-content\themes\teos-site\front-page.php on line 149
[23-Oct-2023 19:06:05 UTC] PHP Warning:  Trying to access array offset on value of type int in C:\Users\User\Local Sites\skillwill-homework\app\public\wp-content\themes\teos-site\front-page.php on line 149
[23-Oct-2023 19:06:06 UTC] PHP Warning:  Trying to access array offset on value of type int in C:\Users\User\Local Sites\skillwill-homework\app\public\wp-content\themes\teos-site\front-page.php on line 138
[23-Oct-2023 19:06:06 UTC] PHP Warning:  Trying to access array offset on value of type int in C:\Users\User\Local Sites\skillwill-homework\app\public\wp-content\themes\teos-site\front-page.php on line 138
[23-Oct-2023 19:06:06 UTC] PHP Warning:  Trying to access array offset on value of type int in C:\Users\User\Local Sites\skillwill-homework\app\public\wp-content\themes\teos-site\front-page.php on line 149
[23-Oct-2023 19:06:06 UTC] PHP Warning:  Trying to access array offset on value of type int in C:\Users\User\Local Sites\skillwill-homework\app\public\wp-content\themes\teos-site\front-page.php on line 149
[23-Oct-2023 19:08:27 UTC] PHP Warning:  Trying to access array offset on value of type int in C:\Users\User\Local Sites\skillwill-homework\app\public\wp-content\themes\teos-site\front-page.php on line 149
[23-Oct-2023 19:08:27 UTC] PHP Warning:  Trying to access array offset on value of type int in C:\Users\User\Local Sites\skillwill-homework\app\public\wp-content\themes\teos-site\front-page.php on line 149
[23-Oct-2023 19:09:28 UTC] PHP Warning:  Trying to access array offset on value of type int in C:\Users\User\Local Sites\skillwill-homework\app\public\wp-content\themes\teos-site\front-page.php on line 149
[23-Oct-2023 19:09:28 UTC] PHP Warning:  Trying to access array offset on value of type int in C:\Users\User\Local Sites\skillwill-homework\app\public\wp-content\themes\teos-site\front-page.php on line 149
[23-Oct-2023 19:13:39 UTC] PHP Warning:  Trying to access array offset on value of type int in C:\Users\User\Local Sites\skillwill-homework\app\public\wp-content\themes\teos-site\front-page.php on line 149
[23-Oct-2023 19:13:39 UTC] PHP Warning:  Trying to access array offset on value of type int in C:\Users\User\Local Sites\skillwill-homework\app\public\wp-content\themes\teos-site\front-page.php on line 149
[23-Oct-2023 19:15:11 UTC] PHP Warning:  Trying to access array offset on value of type int in C:\Users\User\Local Sites\skillwill-homework\app\public\wp-content\themes\teos-site\front-page.php on line 149
[23-Oct-2023 19:15:11 UTC] PHP Warning:  Trying to access array offset on value of type int in C:\Users\User\Local Sites\skillwill-homework\app\public\wp-content\themes\teos-site\front-page.php on line 149
[23-Oct-2023 19:16:56 UTC] PHP Warning:  Trying to access array offset on value of type int in C:\Users\User\Local Sites\skillwill-homework\app\public\wp-content\themes\teos-site\front-page.php on line 149
[23-Oct-2023 19:16:56 UTC] PHP Warning:  Trying to access array offset on value of type int in C:\Users\User\Local Sites\skillwill-homework\app\public\wp-content\themes\teos-site\front-page.php on line 149
[23-Oct-2023 19:18:26 UTC] PHP Warning:  Trying to access array offset on value of type int in C:\Users\User\Local Sites\skillwill-homework\app\public\wp-content\themes\teos-site\front-page.php on line 149
[23-Oct-2023 19:18:26 UTC] PHP Warning:  Trying to access array offset on value of type int in C:\Users\User\Local Sites\skillwill-homework\app\public\wp-content\themes\teos-site\front-page.php on line 149
[23-Oct-2023 19:18:46 UTC] PHP Warning:  Trying to access array offset on value of type int in C:\Users\User\Local Sites\skillwill-homework\app\public\wp-content\themes\teos-site\front-page.php on line 149
[23-Oct-2023 19:18:46 UTC] PHP Warning:  Trying to access array offset on value of type int in C:\Users\User\Local Sites\skillwill-homework\app\public\wp-content\themes\teos-site\front-page.php on line 149
[23-Oct-2023 22:31:27 UTC] PHP Warning:  Undefined variable $fourth_section_card_1 in C:\Users\User\Local Sites\skillwill-homework\app\public\wp-content\themes\teos-site\front-page.php on line 139
[23-Oct-2023 22:31:27 UTC] PHP Warning:  Undefined variable $fourth_section_card_1 in C:\Users\User\Local Sites\skillwill-homework\app\public\wp-content\themes\teos-site\front-page.php on line 144
[23-Oct-2023 22:31:27 UTC] PHP Warning:  Trying to access array offset on value of type null in C:\Users\User\Local Sites\skillwill-homework\app\public\wp-content\themes\teos-site\front-page.php on line 144
[23-Oct-2023 22:31:27 UTC] PHP Warning:  Undefined variable $fourth_section_card_1 in C:\Users\User\Local Sites\skillwill-homework\app\public\wp-content\themes\teos-site\front-page.php on line 145
[23-Oct-2023 22:31:27 UTC] PHP Warning:  Trying to access array offset on value of type null in C:\Users\User\Local Sites\skillwill-homework\app\public\wp-content\themes\teos-site\front-page.php on line 145
[23-Oct-2023 22:31:27 UTC] PHP Warning:  Undefined variable $fourth_section_card_2 in C:\Users\User\Local Sites\skillwill-homework\app\public\wp-content\themes\teos-site\front-page.php on line 150
[23-Oct-2023 22:31:27 UTC] PHP Warning:  Undefined variable $fourth_section_card_2 in C:\Users\User\Local Sites\skillwill-homework\app\public\wp-content\themes\teos-site\front-page.php on line 155
[23-Oct-2023 22:31:27 UTC] PHP Warning:  Trying to access array offset on value of type null in C:\Users\User\Local Sites\skillwill-homework\app\public\wp-content\themes\teos-site\front-page.php on line 155
[23-Oct-2023 22:31:27 UTC] PHP Warning:  Undefined variable $fourth_section_card_2 in C:\Users\User\Local Sites\skillwill-homework\app\public\wp-content\themes\teos-site\front-page.php on line 157
[23-Oct-2023 22:31:27 UTC] PHP Warning:  Trying to access array offset on value of type null in C:\Users\User\Local Sites\skillwill-homework\app\public\wp-content\themes\teos-site\front-page.php on line 157
[23-Oct-2023 22:31:27 UTC] PHP Warning:  Undefined variable $fourth_section_card_3 in C:\Users\User\Local Sites\skillwill-homework\app\public\wp-content\themes\teos-site\front-page.php on line 163
[23-Oct-2023 22:31:27 UTC] PHP Warning:  Undefined variable $fourth_section_card_3 in C:\Users\User\Local Sites\skillwill-homework\app\public\wp-content\themes\teos-site\front-page.php on line 168
[23-Oct-2023 22:31:27 UTC] PHP Warning:  Trying to access array offset on value of type null in C:\Users\User\Local Sites\skillwill-homework\app\public\wp-content\themes\teos-site\front-page.php on line 168
[23-Oct-2023 22:31:27 UTC] PHP Warning:  Undefined variable $fourth_section_card_3 in C:\Users\User\Local Sites\skillwill-homework\app\public\wp-content\themes\teos-site\front-page.php on line 169
[23-Oct-2023 22:31:27 UTC] PHP Warning:  Trying to access array offset on value of type null in C:\Users\User\Local Sites\skillwill-homework\app\public\wp-content\themes\teos-site\front-page.php on line 169
[23-Oct-2023 23:05:49 UTC] PHP Parse error:  syntax error, unexpected token ";", expecting "(" in C:\Users\User\Local Sites\skillwill-homework\app\public\wp-content\themes\teos-site\front-page.php on line 187
[23-Oct-2023 23:06:22 UTC] PHP Warning:  Undefined variable $fourth_section_card_1 in C:\Users\User\Local Sites\skillwill-homework\app\public\wp-content\themes\teos-site\front-page.php on line 134
[23-Oct-2023 23:06:22 UTC] PHP Warning:  Undefined variable $fourth_section_card_1 in C:\Users\User\Local Sites\skillwill-homework\app\public\wp-content\themes\teos-site\front-page.php on line 139
[23-Oct-2023 23:06:22 UTC] PHP Warning:  Trying to access array offset on value of type null in C:\Users\User\Local Sites\skillwill-homework\app\public\wp-content\themes\teos-site\front-page.php on line 139
[23-Oct-2023 23:06:22 UTC] PHP Warning:  Undefined variable $fourth_section_card_1 in C:\Users\User\Local Sites\skillwill-homework\app\public\wp-content\themes\teos-site\front-page.php on line 140
[23-Oct-2023 23:06:22 UTC] PHP Warning:  Trying to access array offset on value of type null in C:\Users\User\Local Sites\skillwill-homework\app\public\wp-content\themes\teos-site\front-page.php on line 140
[23-Oct-2023 23:06:22 UTC] PHP Warning:  Undefined variable $fourth_section_card_2 in C:\Users\User\Local Sites\skillwill-homework\app\public\wp-content\themes\teos-site\front-page.php on line 145
[23-Oct-2023 23:06:22 UTC] PHP Warning:  Undefined variable $fourth_section_card_2 in C:\Users\User\Local Sites\skillwill-homework\app\public\wp-content\themes\teos-site\front-page.php on line 150
[23-Oct-2023 23:06:22 UTC] PHP Warning:  Trying to access array offset on value of type null in C:\Users\User\Local Sites\skillwill-homework\app\public\wp-content\themes\teos-site\front-page.php on line 150
[23-Oct-2023 23:06:22 UTC] PHP Warning:  Undefined variable $fourth_section_card_2 in C:\Users\User\Local Sites\skillwill-homework\app\public\wp-content\themes\teos-site\front-page.php on line 152
[23-Oct-2023 23:06:22 UTC] PHP Warning:  Trying to access array offset on value of type null in C:\Users\User\Local Sites\skillwill-homework\app\public\wp-content\themes\teos-site\front-page.php on line 152
[23-Oct-2023 23:06:22 UTC] PHP Warning:  Undefined variable $fourth_section_card_3 in C:\Users\User\Local Sites\skillwill-homework\app\public\wp-content\themes\teos-site\front-page.php on line 158
[23-Oct-2023 23:06:22 UTC] PHP Warning:  Undefined variable $fourth_section_card_3 in C:\Users\User\Local Sites\skillwill-homework\app\public\wp-content\themes\teos-site\front-page.php on line 163
[23-Oct-2023 23:06:22 UTC] PHP Warning:  Trying to access array offset on value of type null in C:\Users\User\Local Sites\skillwill-homework\app\public\wp-content\themes\teos-site\front-page.php on line 163
[23-Oct-2023 23:06:22 UTC] PHP Warning:  Undefined variable $fourth_section_card_3 in C:\Users\User\Local Sites\skillwill-homework\app\public\wp-content\themes\teos-site\front-page.php on line 164
[23-Oct-2023 23:06:22 UTC] PHP Warning:  Trying to access array offset on value of type null in C:\Users\User\Local Sites\skillwill-homework\app\public\wp-content\themes\teos-site\front-page.php on line 164
[23-Oct-2023 23:06:22 UTC] PHP Warning:  Undefined variable $projects in C:\Users\User\Local Sites\skillwill-homework\app\public\wp-content\themes\teos-site\front-page.php on line 173
[23-Oct-2023 23:06:22 UTC] PHP Warning:  foreach() argument must be of type array|object, null given in C:\Users\User\Local Sites\skillwill-homework\app\public\wp-content\themes\teos-site\front-page.php on line 173
[23-Oct-2023 23:07:13 UTC] PHP Warning:  Undefined variable $fourth_section_card_1 in C:\Users\User\Local Sites\skillwill-homework\app\public\wp-content\themes\teos-site\front-page.php on line 134
[23-Oct-2023 23:07:13 UTC] PHP Warning:  Undefined variable $fourth_section_card_1 in C:\Users\User\Local Sites\skillwill-homework\app\public\wp-content\themes\teos-site\front-page.php on line 139
[23-Oct-2023 23:07:13 UTC] PHP Warning:  Trying to access array offset on value of type null in C:\Users\User\Local Sites\skillwill-homework\app\public\wp-content\themes\teos-site\front-page.php on line 139
[23-Oct-2023 23:07:13 UTC] PHP Warning:  Undefined variable $fourth_section_card_1 in C:\Users\User\Local Sites\skillwill-homework\app\public\wp-content\themes\teos-site\front-page.php on line 140
[23-Oct-2023 23:07:13 UTC] PHP Warning:  Trying to access array offset on value of type null in C:\Users\User\Local Sites\skillwill-homework\app\public\wp-content\themes\teos-site\front-page.php on line 140
[23-Oct-2023 23:07:13 UTC] PHP Warning:  Undefined variable $fourth_section_card_2 in C:\Users\User\Local Sites\skillwill-homework\app\public\wp-content\themes\teos-site\front-page.php on line 145
[23-Oct-2023 23:07:13 UTC] PHP Warning:  Undefined variable $fourth_section_card_2 in C:\Users\User\Local Sites\skillwill-homework\app\public\wp-content\themes\teos-site\front-page.php on line 150
[23-Oct-2023 23:07:13 UTC] PHP Warning:  Trying to access array offset on value of type null in C:\Users\User\Local Sites\skillwill-homework\app\public\wp-content\themes\teos-site\front-page.php on line 150
[23-Oct-2023 23:07:13 UTC] PHP Warning:  Undefined variable $fourth_section_card_2 in C:\Users\User\Local Sites\skillwill-homework\app\public\wp-content\themes\teos-site\front-page.php on line 152
[23-Oct-2023 23:07:13 UTC] PHP Warning:  Trying to access array offset on value of type null in C:\Users\User\Local Sites\skillwill-homework\app\public\wp-content\themes\teos-site\front-page.php on line 152
[23-Oct-2023 23:07:13 UTC] PHP Warning:  Undefined variable $fourth_section_card_3 in C:\Users\User\Local Sites\skillwill-homework\app\public\wp-content\themes\teos-site\front-page.php on line 158
[23-Oct-2023 23:07:13 UTC] PHP Warning:  Undefined variable $fourth_section_card_3 in C:\Users\User\Local Sites\skillwill-homework\app\public\wp-content\themes\teos-site\front-page.php on line 163
[23-Oct-2023 23:07:13 UTC] PHP Warning:  Trying to access array offset on value of type null in C:\Users\User\Local Sites\skillwill-homework\app\public\wp-content\themes\teos-site\front-page.php on line 163
[23-Oct-2023 23:07:13 UTC] PHP Warning:  Undefined variable $fourth_section_card_3 in C:\Users\User\Local Sites\skillwill-homework\app\public\wp-content\themes\teos-site\front-page.php on line 164
[23-Oct-2023 23:07:13 UTC] PHP Warning:  Trying to access array offset on value of type null in C:\Users\User\Local Sites\skillwill-homework\app\public\wp-content\themes\teos-site\front-page.php on line 164
[25-Oct-2023 22:06:15 UTC] PHP Warning:  Trying to access array offset on value of type null in C:\Users\User\Local Sites\skillwill-homework\app\public\wp-content\themes\teos-site\front-page.php on line 27
[25-Oct-2023 22:06:15 UTC] PHP Warning:  Trying to access array offset on value of type null in C:\Users\User\Local Sites\skillwill-homework\app\public\wp-content\themes\teos-site\front-page.php on line 28
[25-Oct-2023 22:06:37 UTC] PHP Warning:  Array to string conversion in C:\Users\User\Local Sites\skillwill-homework\app\public\wp-content\themes\teos-site\front-page.php on line 161
[25-Oct-2023 22:17:13 UTC] PHP Parse error:  syntax error, unexpected token ":", expecting "," or ";" in C:\Users\User\Local Sites\skillwill-homework\app\public\wp-content\themes\teos-site\front-page.php on line 162
[25-Oct-2023 22:24:15 UTC] PHP Fatal error:  Uncaught TypeError: Cannot access offset of type string on string in C:\Users\User\Local Sites\skillwill-homework\app\public\wp-content\themes\teos-site\front-page.php:161
Stack trace:
#0 C:\Users\User\Local Sites\skillwill-homework\app\public\wp-includes\template-loader.php(106): include()
#1 C:\Users\User\Local Sites\skillwill-homework\app\public\wp-blog-header.php(19): require_once('C:\\Users\\User\\L...')
#2 C:\Users\User\Local Sites\skillwill-homework\app\public\index.php(17): require('C:\\Users\\User\\L...')
#3 {main}
  thrown in C:\Users\User\Local Sites\skillwill-homework\app\public\wp-content\themes\teos-site\front-page.php on line 161
[25-Oct-2023 23:32:58 UTC] PHP Warning:  Undefined variable $first_section_social_links in C:\Users\User\Local Sites\skillwill-homework\app\public\wp-content\themes\teos-site\template-contact.php on line 19
[25-Oct-2023 23:32:58 UTC] PHP Warning:  Trying to access array offset on value of type null in C:\Users\User\Local Sites\skillwill-homework\app\public\wp-content\themes\teos-site\template-contact.php on line 19
[25-Oct-2023 23:32:58 UTC] PHP Warning:  Undefined variable $first_section_social_links in C:\Users\User\Local Sites\skillwill-homework\app\public\wp-content\themes\teos-site\template-contact.php on line 24
[25-Oct-2023 23:32:58 UTC] PHP Warning:  Trying to access array offset on value of type null in C:\Users\User\Local Sites\skillwill-homework\app\public\wp-content\themes\teos-site\template-contact.php on line 24
[25-Oct-2023 23:32:58 UTC] PHP Warning:  Undefined variable $first_section_social_links in C:\Users\User\Local Sites\skillwill-homework\app\public\wp-content\themes\teos-site\template-contact.php on line 29
[25-Oct-2023 23:32:58 UTC] PHP Warning:  Trying to access array offset on value of type null in C:\Users\User\Local Sites\skillwill-homework\app\public\wp-content\themes\teos-site\template-contact.php on line 29
